0 info it worked if it ends with ok
1 verbose cli [ '/usr/local/bin/node', '/usr/local/bin/npm', 'install' ]
2 info using npm@2.5.1
3 info using node@v0.12.0
4 verbose install where, deps [ '/Users/fmvilas/www/bloksmonkey-editor',
4 verbose install   [ 'jquery', 'express', 'gulp', 'gulp-nodemon', 'http-proxy' ] ]
5 verbose install where, peers [ '/Users/fmvilas/www/bloksmonkey-editor', [] ]
6 info preinstall bloksmonkey-editor@0.0.1
7 silly cache add args [ 'jquery@2.1.5', null ]
8 verbose cache add spec jquery@2.1.5
9 silly cache add parsed spec { raw: 'jquery@2.1.5',
9 silly cache add   scope: null,
9 silly cache add   name: 'jquery',
9 silly cache add   rawSpec: '2.1.5',
9 silly cache add   spec: '2.1.5',
9 silly cache add   type: 'version' }
10 verbose addNamed jquery@2.1.5
11 silly addNamed semver.valid 2.1.5
12 silly addNamed semver.validRange 2.1.5
13 silly mapToRegistry name jquery
14 silly mapToRegistry using default registry
15 silly mapToRegistry registry https://registry.npmjs.org/
16 silly mapToRegistry uri https://registry.npmjs.org/jquery
17 verbose addNameVersion registry:https://registry.npmjs.org/jquery not in flight; fetching
18 verbose already installed skipping express@4.10.1 /Users/fmvilas/www/bloksmonkey-editor
19 verbose already installed skipping gulp@3.8.11 /Users/fmvilas/www/bloksmonkey-editor
20 verbose already installed skipping gulp-nodemon@1.0.5 /Users/fmvilas/www/bloksmonkey-editor
21 verbose already installed skipping http-proxy@1.11.1 /Users/fmvilas/www/bloksmonkey-editor
22 verbose request uri https://registry.npmjs.org/jquery
23 verbose request no auth needed
24 info attempt registry request try #1 at 2:31:55 PM
25 verbose request id e434b3c9a50d7d6c
26 verbose etag "ANZEJSW8FER3MFJEB5EL4DLKH"
27 http request GET https://registry.npmjs.org/jquery
28 http 200 https://registry.npmjs.org/jquery
29 silly get cb [ 200,
29 silly get   { server: 'CouchDB/1.5.0 (Erlang OTP/R16B03)',
29 silly get     etag: '"4CES356H5C389DRRFVU6TP3R0"',
29 silly get     'content-type': 'application/json',
29 silly get     'cache-control': 'max-age=60',
29 silly get     'content-length': '55165',
29 silly get     'accept-ranges': 'bytes',
29 silly get     date: 'Sat, 02 May 2015 12:31:56 GMT',
29 silly get     via: '1.1 varnish',
29 silly get     age: '0',
29 silly get     connection: 'keep-alive',
29 silly get     'x-served-by': 'cache-lcy1121-LCY',
29 silly get     'x-cache': 'HIT',
29 silly get     'x-cache-hits': '1',
29 silly get     'x-timer': 'S1430569916.003528,VS0,VE348',
29 silly get     vary: 'Accept' } ]
30 verbose get saving jquery to /Users/fmvilas/.npm/registry.npmjs.org/jquery/.cache.json
31 verbose stack Error: version not found: jquery@2.1.5
31 verbose stack     at setData (/usr/local/lib/node_modules/npm/lib/cache/add-named.js:122:12)
31 verbose stack     at RES (/usr/local/lib/node_modules/npm/node_modules/inflight/inflight.js:23:14)
31 verbose stack     at f (/usr/local/lib/node_modules/npm/node_modules/once/once.js:17:25)
31 verbose stack     at saved (/usr/local/lib/node_modules/npm/lib/cache/caching-client.js:173:7)
31 verbose stack     at FSReqWrap.oncomplete (fs.js:99:15)
32 verbose statusCode 404
33 verbose cwd /Users/fmvilas/www/bloksmonkey-editor/public/app/app
34 error Darwin 14.1.0
35 error argv "/usr/local/bin/node" "/usr/local/bin/npm" "install"
36 error node v0.12.0
37 error npm  v2.5.1
38 error version not found: jquery@2.1.5
39 error If you need help, you may report this error at:
39 error     <http://github.com/npm/npm/issues>
40 verbose exit [ 1, true ]
